INFO: [2019-04-08T15:07:58.677Z]: hello-logger
IMPORTANT: [2019-04-08T15:07:58.677Z]: hello-logger
WARNING: [2019-04-08T15:07:58.677Z]: hello-logger
ERROR: [2019-04-08T15:07:58.677Z]: hello-logger
ERROR: [2019-04-08T15:07:58.677Z]: Error: printing out an error
ERROR: [2019-04-08T15:07:58.693Z]: Error: printing out an error full
    at class_1.LoggerPracticeController.printLogsFile (/home/seanmaxwell/WebstormProjects/Overnight/sample-project/src/controllers/LoggerPracticeController.ts:49:20)
    at class_1.descriptor.value [as printLogsFile] (/home/seanmaxwell/WebstormProjects/Overnight/src/core/lib/RouteDecorators.ts:36:35)
    at callBack (/home/seanmaxwell/WebstormProjects/Overnight/src/core/lib/Server.ts:78:50)
    at Layer.handle [as handle_request] (/home/seanmaxwell/WebstormProjects/Overnight/src/core/node_modules/express/lib/router/layer.js:95:5)
    at next (/home/seanmaxwell/WebstormProjects/Overnight/src/core/node_modules/express/lib/router/route.js:137:13)
    at Route.dispatch (/home/seanmaxwell/WebstormProjects/Overnight/src/core/node_modules/express/lib/router/route.js:112:3)
    at Layer.handle [as handle_request] (/home/seanmaxwell/WebstormProjects/Overnight/src/core/node_modules/express/lib/router/layer.js:95:5)
    at /home/seanmaxwell/WebstormProjects/Overnight/src/core/node_modules/express/lib/router/index.js:281:22
    at param (/home/seanmaxwell/WebstormProjects/Overnight/src/core/node_modules/express/lib/router/index.js:354:14)
    at param (/home/seanmaxwell/WebstormProjects/Overnight/src/core/node_modules/express/lib/router/index.js:365:14)
    at Function.process_params (/home/seanmaxwell/WebstormProjects/Overnight/src/core/node_modules/express/lib/router/index.js:410:3)
    at next (/home/seanmaxwell/WebstormProjects/Overnight/src/core/node_modules/express/lib/router/index.js:275:10)
    at Function.handle (/home/seanmaxwell/WebstormProjects/Overnight/src/core/node_modules/express/lib/router/index.js:174:3)
    at router (/home/seanmaxwell/WebstormProjects/Overnight/src/core/node_modules/express/lib/router/index.js:47:12)
    at Layer.handle [as handle_request] (/home/seanmaxwell/WebstormProjects/Overnight/src/core/node_modules/express/lib/router/layer.js:95:5)
    at trim_prefix (/home/seanmaxwell/WebstormProjects/Overnight/src/core/node_modules/express/lib/router/index.js:317:13)
